------------------------------------------------------
This job is allocated on  cpu(s)
------------------------------------------------------
PBS: qsub is running on ui-studenti.scope.unina.it
PBS: originating queue is studenti
PBS: executing queue is studenti
PBS: working directory is /homes/DMA/PDC/2020/BSLRRT94K/es2
PBS: execution mode is PBS_BATCH
PBS: job identifier is 3968891.torque02.scope.unina.it
PBS: job name is matvet
PBS: node file is /var/spool/pbs/aux//3968891.torque02.scope.unina.it
PBS: current home directory is /homes/DMA/PDC/2020/BSLRRT94K
PBS: PATH = /usr/lib64/openmpi/1.2.7-gcc/bin:/usr/kerberos/bin:/opt/exp_soft/unina.it/intel/composer_xe_2013_sp1.3.174/bin/intel64:/opt/exp_soft/unina.it/intel/composer_xe_2013_sp1.3.174/mpirt/bin/intel64:/opt/exp_soft/unina.it/intel/composer_xe_2013_sp1.3.174/bin/intel64:/opt/exp_soft/unina.it/intel/composer_xe_2013_sp1.3.174/bin/intel64_mic:/opt/exp_soft/unina.it/intel/composer_xe_2013_sp1.3.174/debugger/gui/intel64:/opt/d-cache/srm/bin:/opt/d-cache/dcap/bin:/opt/edg/bin:/opt/glite/bin:/opt/globus/bin:/opt/lcg/bin:/usr/local/bin:/bin:/usr/bin:/opt/exp_soft/HADOOP/hadoop-1.0.3/bin:/opt/exp_soft/unina.it/intel/composerxe/bin/intel64/:/opt/exp_soft/unina.it/MPJExpress/mpj-v0_38/bin:/homes/DMA/PDC/2020/BSLRRT94K/bin
------------------------------------------------------
Compilo
Eseguo
[E0] Numero -10 di righe non valido. Valore default: 20.
[E1] Numero -10 di colonne non valido. Valore default: 20.
Generazione matrice 20x20...
6 1 8 7 2 4 8 5 1 3 6 6 9 1 3 3 1 5 1 2 
6 3 8 9 4 3 3 3 5 2 2 1 2 9 5 2 1 3 4 1 
5 9 5 2 7 7 5 8 2 5 9 6 5 5 3 9 5 6 9 9 
7 8 9 7 6 5 8 6 5 9 5 1 8 9 2 6 6 4 2 5 
7 1 1 2 4 4 8 8 7 5 6 4 4 3 8 9 5 6 3 1 
5 7 8 2 6 9 5 9 2 4 5 8 2 5 9 5 6 6 2 3 
1 5 5 2 7 3 8 3 7 2 1 9 8 8 8 3 5 1 9 6 
4 4 4 6 7 2 8 3 5 7 4 5 2 8 5 9 1 3 9 5 
4 9 5 1 7 3 1 2 4 9 6 5 4 9 1 8 8 9 1 3 
6 2 6 6 9 1 5 8 1 4 3 5 1 7 3 7 8 3 6 9 
9 2 4 1 9 5 8 7 2 7 8 5 8 4 1 6 2 3 4 2 
4 6 4 4 2 6 1 7 6 7 6 6 6 9 4 5 2 3 3 1 
9 8 6 5 2 4 1 1 7 2 2 1 6 4 3 7 9 3 2 4 
7 7 7 4 4 1 8 4 1 8 4 7 6 7 3 5 9 1 5 4 
3 5 2 8 8 4 3 5 7 2 6 2 8 3 3 9 2 2 3 2 
7 5 9 4 2 9 6 8 7 9 2 9 2 4 5 9 7 5 2 2 
6 8 2 4 8 4 2 9 5 4 9 3 6 6 4 8 3 7 6 9 
6 6 9 7 9 2 4 6 7 6 6 3 2 7 5 9 1 6 7 4 
7 4 4 4 9 5 9 9 2 3 8 6 8 5 3 7 7 5 2 4 
8 5 6 9 2 8 6 9 4 1 1 2 4 4 3 1 8 2 9 8 
Generazione vettore...
1 
1 
1 
1 
1 
1 
1 
1 
1 
1 
1 
1 
1 
1 
1 
1 
1 
1 
1 
1 
Calcolo Ax = b...
Inizio regione parallela...
Fine regione parallela.
Risultato:
82 
76 
121 
118 
96 
108 
101 
101 
99 
100 
97 
92 
86 
102 
87 
113 
113 
112 
111 
100 
Tempo di esecuzione con 6.029129e-03s threads: 8 
