------------------------------------------------------
This job is allocated on 4 cpu(s)
Job is running on node(s): 
wn280.scope.unina.it
wn280.scope.unina.it
wn280.scope.unina.it
wn280.scope.unina.it
------------------------------------------------------
PBS: qsub is running on ui-studenti.scope.unina.it
PBS: originating queue is studenti
PBS: executing queue is studenti
PBS: working directory is /homes/DMA/PDC/2020/BSLRRT94K/es3
PBS: execution mode is PBS_BATCH
PBS: job identifier is 3971127.torque02.scope.unina.it
PBS: job name is matmat
PBS: node file is /var/spool/pbs/aux//3971127.torque02.scope.unina.it
PBS: current home directory is /homes/DMA/PDC/2020/BSLRRT94K
PBS: PATH = /usr/lib64/openmpi/1.2.7-gcc/bin:/usr/kerberos/bin:/opt/exp_soft/unina.it/intel/composer_xe_2013_sp1.3.174/bin/intel64:/opt/exp_soft/unina.it/intel/composer_xe_2013_sp1.3.174/mpirt/bin/intel64:/opt/exp_soft/unina.it/intel/composer_xe_2013_sp1.3.174/bin/intel64:/opt/exp_soft/unina.it/intel/composer_xe_2013_sp1.3.174/bin/intel64_mic:/opt/exp_soft/unina.it/intel/composer_xe_2013_sp1.3.174/debugger/gui/intel64:/opt/d-cache/srm/bin:/opt/d-cache/dcap/bin:/opt/edg/bin:/opt/glite/bin:/opt/globus/bin:/opt/lcg/bin:/usr/local/bin:/bin:/usr/bin:/opt/exp_soft/HADOOP/hadoop-1.0.3/bin:/opt/exp_soft/unina.it/intel/composerxe/bin/intel64/:/opt/exp_soft/unina.it/MPJExpress/mpj-v0_38/bin:/homes/DMA/PDC/2020/BSLRRT94K/bin
------------------------------------------------------
Compilo:/usr/lib64/openmpi/1.4-gcc/bin/mpicc -o /homes/DMA/PDC/2020/BSLRRT94K/es3/matmat /homes/DMA/PDC/2020/BSLRRT94K/es3/matmat.c
Eseguo:/usr/lib64/openmpi/1.4-gcc/bin/mpiexec -machinefile  E -np 4 /homes/DMA/PDC/2020/BSLRRT94K/es3/matmat
[P0] dimensioni griglia: 2x2. 
[P0] Dimensione in input: 17.
[E3] Dimensione input 17 non e' multiplo di p = 2. Valore di default: p*10. 
[P0] Matrice A (20x20):
3 5 5 7 8 3 9 8 6 2 7 1 5 8 2 7 5 3 8 3 
9 7 6 3 1 1 4 6 9 8 8 2 3 4 6 8 4 5 4 7 
4 9 7 6 5 6 4 1 6 9 3 5 6 6 5 4 6 6 1 5 
4 6 5 4 7 1 3 8 4 4 5 7 1 9 4 6 4 5 6 9 
4 6 3 8 2 7 2 8 2 9 1 5 4 5 7 1 4 7 9 7 
1 4 4 2 2 5 5 5 9 8 2 2 4 4 9 3 9 8 8 1 
6 9 3 9 2 9 9 3 6 6 9 5 8 2 4 9 6 8 2 4 
6 3 5 7 5 2 9 4 7 6 2 3 3 4 9 4 2 9 7 5 
3 4 9 1 5 3 7 9 1 6 3 4 9 5 1 4 4 8 5 1 
4 4 2 6 7 1 7 6 7 2 2 1 6 1 8 1 2 4 7 9 
9 7 4 6 2 2 9 3 9 2 4 3 5 5 6 1 3 4 4 1 
5 5 8 1 4 6 9 5 7 4 4 7 2 5 3 1 7 1 4 6 
9 5 7 5 7 1 3 9 4 6 9 7 9 7 5 3 2 2 5 8 
6 6 3 5 2 4 5 6 4 6 9 1 1 6 3 7 5 5 5 6 
2 4 3 8 9 6 1 8 7 3 4 1 8 7 5 7 8 1 3 9 
4 3 9 5 6 3 9 1 7 4 7 6 8 9 4 5 3 2 1 1 
4 4 1 3 8 4 9 6 2 3 5 5 5 5 9 1 5 9 9 2 
3 6 6 8 3 9 1 6 9 8 6 3 3 4 3 8 7 3 3 6 
3 7 2 5 9 8 3 4 7 2 4 8 7 9 4 8 6 3 4 5 
1 7 6 1 1 8 9 6 8 9 2 1 6 1 3 4 9 6 5 4 
[P0] Matrice B (20x20):
7 6 9 3 3 2 1 7 4 2 9 2 8 5 3 6 4 9 9 2 
8 9 1 2 9 3 5 8 6 8 1 4 2 9 4 5 1 2 2 2 
1 8 4 8 4 6 4 5 5 2 4 1 1 4 2 9 5 5 6 1 
1 6 2 2 3 3 6 2 2 5 3 2 4 6 9 5 9 2 9 2 
3 1 2 3 5 4 9 7 6 5 7 6 8 7 7 9 9 2 1 2 
4 3 3 7 7 1 2 6 9 8 8 9 9 7 2 2 8 8 8 4 
4 3 7 9 7 3 8 7 2 6 6 5 7 6 1 4 4 9 7 3 
8 3 2 5 1 1 6 6 9 2 8 1 2 5 7 9 5 4 4 6 
9 9 2 6 3 2 9 7 1 5 9 6 7 9 1 7 9 4 4 6 
3 9 4 5 4 2 2 9 3 3 5 2 9 4 6 2 5 5 8 4 
7 6 9 5 3 8 9 9 2 1 6 5 9 7 7 4 8 6 1 1 
8 3 1 7 7 6 6 9 8 5 3 6 8 1 1 1 8 9 9 9 
1 3 2 7 1 6 1 6 9 8 5 7 2 5 2 6 1 6 5 6 
8 6 2 6 6 9 4 4 7 3 1 5 4 1 2 4 6 1 9 6 
8 4 1 7 6 1 3 4 4 6 1 2 2 9 7 5 9 8 6 4 
1 6 8 2 4 7 5 1 5 5 4 4 6 2 8 3 9 9 6 3 
5 4 4 4 4 8 8 1 6 4 4 5 7 9 6 2 4 9 9 9 
2 1 1 7 9 8 7 7 5 2 9 9 5 2 1 8 7 6 8 2 
9 2 4 5 8 7 6 3 6 3 2 7 3 2 3 9 7 9 6 3 
1 6 9 4 5 1 2 2 6 1 3 4 9 4 8 8 2 2 8 7 

[P0] Il mio primo blocco A:
3 5 5 7 8 3 9 8 6 2 
9 7 6 3 1 1 4 6 9 8 
4 9 7 6 5 6 4 1 6 9 
4 6 5 4 7 1 3 8 4 4 
4 6 3 8 2 7 2 8 2 9 
1 4 4 2 2 5 5 5 9 8 
6 9 3 9 2 9 9 3 6 6 
6 3 5 7 5 2 9 4 7 6 
3 4 9 1 5 3 7 9 1 6 
4 4 2 6 7 1 7 6 7 2 
[P0] Il mio primo blocco B:
7 6 9 3 3 2 1 7 4 2 
8 9 1 2 9 3 5 8 6 8 
1 8 4 8 4 6 4 5 5 2 
1 6 2 2 3 3 6 2 2 5 
3 1 2 3 5 4 9 7 6 5 
4 3 3 7 7 1 2 6 9 8 
4 3 7 9 7 3 8 7 2 6 
8 3 2 5 1 1 6 6 9 2 
9 9 2 6 3 2 9 7 1 5 
3 9 4 5 4 2 2 9 3 3 

[P1] Il mio primo blocco A:
7 1 5 8 2 7 5 3 8 3 
8 2 3 4 6 8 4 5 4 7 
3 5 6 6 5 4 6 6 1 5 
5 7 1 9 4 6 4 5 6 9 
1 5 4 5 7 1 4 7 9 7 
2 2 4 4 9 3 9 8 8 1 
9 5 8 2 4 9 6 8 2 4 
2 3 3 4 9 4 2 9 7 5 
3 4 9 5 1 4 4 8 5 1 
2 1 6 1 8 1 2 4 7 9 
[P1] Il mio primo blocco B:
9 2 8 5 3 6 4 9 9 2 
1 4 2 9 4 5 1 2 2 2 
4 1 1 4 2 9 5 5 6 1 
3 2 4 6 9 5 9 2 9 2 
7 6 8 7 7 9 9 2 1 2 
8 9 9 7 2 2 8 8 8 4 
6 5 7 6 1 4 4 9 7 3 
8 1 2 5 7 9 5 4 4 6 
9 6 7 9 1 7 9 4 4 6 
5 2 9 4 6 2 5 5 8 4 

[P2] Il mio primo blocco A:
9 7 4 6 2 2 9 3 9 2 
5 5 8 1 4 6 9 5 7 4 
9 5 7 5 7 1 3 9 4 6 
6 6 3 5 2 4 5 6 4 6 
2 4 3 8 9 6 1 8 7 3 
4 3 9 5 6 3 9 1 7 4 
4 4 1 3 8 4 9 6 2 3 
3 6 6 8 3 9 1 6 9 8 
3 7 2 5 9 8 3 4 7 2 
1 7 6 1 1 8 9 6 8 9 
[P2] Il mio primo blocco B:
7 6 9 5 3 8 9 9 2 1 
8 3 1 7 7 6 6 9 8 5 
1 3 2 7 1 6 1 6 9 8 
8 6 2 6 6 9 4 4 7 3 
8 4 1 7 6 1 3 4 4 6 
1 6 8 2 4 7 5 1 5 5 
5 4 4 4 4 8 8 1 6 4 
2 1 1 7 9 8 7 7 5 2 
9 2 4 5 8 7 6 3 6 3 
1 6 9 4 5 1 2 2 6 1 

[P3] Il mio primo blocco A:
4 3 5 5 6 1 3 4 4 1 
4 7 2 5 3 1 7 1 4 6 
9 7 9 7 5 3 2 2 5 8 
9 1 1 6 3 7 5 5 5 6 
4 1 8 7 5 7 8 1 3 9 
7 6 8 9 4 5 3 2 1 1 
5 5 5 5 9 1 5 9 9 2 
6 3 3 4 3 8 7 3 3 6 
4 8 7 9 4 8 6 3 4 5 
2 1 6 1 3 4 9 6 5 4 
[P3] Il mio primo blocco B:
6 5 9 7 7 4 8 6 1 1 
3 6 8 1 1 1 8 9 9 9 
5 7 2 5 2 6 1 6 5 6 
1 5 4 1 2 4 6 1 9 6 
1 2 2 9 7 5 9 8 6 4 
4 4 6 2 8 3 9 9 6 3 
4 5 7 9 6 2 4 9 9 9 
9 9 5 2 1 8 7 6 8 2 
2 7 3 2 3 9 7 9 6 3 
3 4 9 4 8 8 2 2 8 7 

[P0] Il mio blocco risultato C:
524 500 420 531 500 496 608 550 535 437 
540 600 471 521 489 440 528 588 490 394 
472 563 363 539 532 449 508 592 535 468 
529 504 398 503 518 468 546 544 553 377 
508 482 334 521 529 398 464 541 564 417 
511 460 301 533 496 422 514 513 480 413 
536 603 487 609 593 520 617 675 590 548 
495 487 382 553 531 418 536 557 476 416 
413 412 326 523 446 450 470 539 532 377 
429 399 330 451 422 312 459 458 432 369 
[P1] Il mio blocco risultato C:
515 481 557 549 474 607 642 572 605 401 
530 427 594 560 481 580 610 601 636 407 
490 476 585 564 436 527 597 558 665 425 
462 445 566 482 477 585 614 530 628 437 
462 454 533 501 457 557 590 560 683 430 
470 460 499 530 379 510 588 586 605 414 
613 575 698 655 515 576 705 718 744 457 
511 457 550 524 430 594 639 594 659 383 
480 428 455 427 347 535 500 537 561 365 
429 390 459 495 407 555 506 467 510 353 
[P2] Il mio blocco risultato C:
496 466 335 479 442 366 473 522 409 397 
501 480 380 528 476 391 502 541 493 391 
572 571 463 576 498 489 549 656 610 431 
479 502 431 461 466 427 501 512 464 357 
473 512 389 493 450 436 535 497 578 452 
458 503 375 547 454 471 520 565 476 429 
534 387 339 550 542 452 551 567 530 425 
492 583 410 511 486 434 538 552 536 444 
544 514 377 539 543 497 570 579 614 505 
458 497 361 543 492 398 504 543 506 440 
[P3] Il mio blocco risultato C:
453 395 468 510 329 491 517 518 552 339 
468 425 554 512 356 497 533 556 596 420 
546 468 617 564 517 653 639 603 670 464 
469 415 556 493 455 504 565 536 586 361 
498 469 575 583 537 585 626 521 622 468 
469 442 536 501 370 499 593 546 591 383 
489 498 533 518 405 560 610 606 603 395 
527 466 614 580 502 537 654 573 656 438 
509 544 620 564 466 552 672 593 658 484 
510 468 540 553 377 508 526 591 607 418 
[TIMEMAX][P0] Tempo massimo impiegato: 9.202957e-05 s
