------------------------------------------------------
This job is allocated on 4 cpu(s)
Job is running on node(s): 
wn280.scope.unina.it
wn280.scope.unina.it
wn280.scope.unina.it
wn280.scope.unina.it
------------------------------------------------------
PBS: qsub is running on ui-studenti.scope.unina.it
PBS: originating queue is studenti
PBS: executing queue is studenti
PBS: working directory is /homes/DMA/PDC/2020/BSLRRT94K/es3
PBS: execution mode is PBS_BATCH
PBS: job identifier is 3971125.torque02.scope.unina.it
PBS: job name is matmat
PBS: node file is /var/spool/pbs/aux//3971125.torque02.scope.unina.it
PBS: current home directory is /homes/DMA/PDC/2020/BSLRRT94K
PBS: PATH = /usr/lib64/openmpi/1.2.7-gcc/bin:/usr/kerberos/bin:/opt/exp_soft/unina.it/intel/composer_xe_2013_sp1.3.174/bin/intel64:/opt/exp_soft/unina.it/intel/composer_xe_2013_sp1.3.174/mpirt/bin/intel64:/opt/exp_soft/unina.it/intel/composer_xe_2013_sp1.3.174/bin/intel64:/opt/exp_soft/unina.it/intel/composer_xe_2013_sp1.3.174/bin/intel64_mic:/opt/exp_soft/unina.it/intel/composer_xe_2013_sp1.3.174/debugger/gui/intel64:/opt/d-cache/srm/bin:/opt/d-cache/dcap/bin:/opt/edg/bin:/opt/glite/bin:/opt/globus/bin:/opt/lcg/bin:/usr/local/bin:/bin:/usr/bin:/opt/exp_soft/HADOOP/hadoop-1.0.3/bin:/opt/exp_soft/unina.it/intel/composerxe/bin/intel64/:/opt/exp_soft/unina.it/MPJExpress/mpj-v0_38/bin:/homes/DMA/PDC/2020/BSLRRT94K/bin
------------------------------------------------------
Compilo:/usr/lib64/openmpi/1.4-gcc/bin/mpicc -o /homes/DMA/PDC/2020/BSLRRT94K/es3/matmat /homes/DMA/PDC/2020/BSLRRT94K/es3/matmat.c
Eseguo:/usr/lib64/openmpi/1.4-gcc/bin/mpiexec -machinefile  E -np 4 /homes/DMA/PDC/2020/BSLRRT94K/es3/matmat
[E0] Dimensione griglia 0 non valida. Valore default: 2 
[P0] dimensioni griglia: 2x2. 
[E2] Dimensione input 0 non valido. Valore default: 16. 
[P0] Dimensione in input: 16.
[P0] Matrice A (16x16):
6 8 5 7 4 9 5 2 3 7 9 8 6 4 6 1 
7 6 7 5 3 7 1 5 6 8 8 7 8 3 6 3 
1 1 7 4 7 2 5 9 6 3 5 2 6 9 1 1 
5 5 3 8 2 3 1 5 1 9 3 7 9 6 7 9 
7 4 1 2 3 4 9 6 4 2 8 9 1 6 7 6 
1 9 2 9 9 9 3 7 6 3 4 5 8 8 2 3 
9 1 5 2 4 2 8 5 3 4 2 4 7 8 7 5 
5 6 4 4 5 4 1 9 6 3 2 3 1 4 5 1 
2 7 9 3 8 5 7 9 6 8 3 1 4 7 5 8 
3 7 9 5 1 7 2 5 9 4 7 8 5 2 6 6 
7 3 8 5 8 3 2 2 1 2 3 4 8 7 9 8 
2 6 4 3 3 3 5 3 6 2 8 8 1 4 2 7 
6 7 1 2 9 2 4 9 4 4 1 9 1 7 8 3 
3 9 3 6 2 5 6 6 6 4 2 4 5 4 2 8 
1 9 8 8 1 9 5 2 3 6 2 1 3 9 1 4 
8 3 9 7 5 3 1 1 4 3 5 8 6 4 4 4 
[P0] Matrice B (16x16):
3 9 2 1 8 7 3 1 1 4 9 1 1 9 4 6 
1 3 1 5 3 2 6 6 4 8 2 9 9 4 3 2 
3 3 2 2 9 2 9 9 3 6 9 3 6 4 6 6 
4 7 1 7 8 4 1 2 2 3 8 1 6 8 9 8 
1 9 7 9 1 5 8 4 1 6 4 6 7 8 9 1 
5 1 5 1 4 6 9 4 8 7 2 2 5 9 9 4 
8 5 3 6 9 9 7 7 5 9 2 9 7 1 7 9 
1 3 9 3 6 6 4 2 1 3 3 5 2 9 6 7 
4 9 4 1 6 1 6 8 9 7 7 4 7 4 3 6 
4 9 6 9 5 7 8 5 9 1 8 9 8 4 6 2 
1 9 1 6 1 6 4 7 3 8 2 7 3 4 3 6 
2 6 4 6 3 2 9 1 1 7 9 8 8 5 7 9 
5 7 3 3 3 7 9 3 5 8 1 5 3 1 9 4 
5 3 7 7 2 6 5 9 1 4 5 9 9 3 6 2 
7 8 2 8 3 1 1 6 7 8 1 9 7 9 1 2 
9 5 6 9 9 2 6 9 3 2 6 2 4 2 1 8 

[P0] Il mio primo blocco A:
6 8 5 7 4 9 5 2 
7 6 7 5 3 7 1 5 
1 1 7 4 7 2 5 9 
5 5 3 8 2 3 1 5 
7 4 1 2 3 4 9 6 
1 9 2 9 9 9 3 7 
9 1 5 2 4 2 8 5 
5 6 4 4 5 4 1 9 
[P0] Il mio primo blocco B:
3 9 2 1 8 7 3 1 
1 3 1 5 3 2 6 6 
3 3 2 2 9 2 9 9 
4 7 1 7 8 4 1 2 
1 9 7 9 1 5 8 4 
5 1 5 1 4 6 9 4 
8 5 3 6 9 9 7 7 
1 3 9 3 6 6 4 2 

[P1] Il mio primo blocco A:
3 7 9 8 6 4 6 1 
6 8 8 7 8 3 6 3 
6 3 5 2 6 9 1 1 
1 9 3 7 9 6 7 9 
4 2 8 9 1 6 7 6 
6 3 4 5 8 8 2 3 
3 4 2 4 7 8 7 5 
6 3 2 3 1 4 5 1 
[P1] Il mio primo blocco B:
1 4 9 1 1 9 4 6 
4 8 2 9 9 4 3 2 
3 6 9 3 6 4 6 6 
2 3 8 1 6 8 9 8 
1 6 4 6 7 8 9 1 
8 7 2 2 5 9 9 4 
5 9 2 9 7 1 7 9 
1 3 3 5 2 9 6 7 

[P2] Il mio primo blocco A:
2 7 9 3 8 5 7 9 
3 7 9 5 1 7 2 5 
7 3 8 5 8 3 2 2 
2 6 4 3 3 3 5 3 
6 7 1 2 9 2 4 9 
3 9 3 6 2 5 6 6 
1 9 8 8 1 9 5 2 
8 3 9 7 5 3 1 1 
[P2] Il mio primo blocco B:
4 9 4 1 6 1 6 8 
4 9 6 9 5 7 8 5 
1 9 1 6 1 6 4 7 
2 6 4 6 3 2 9 1 
5 7 3 3 3 7 9 3 
5 3 7 7 2 6 5 9 
7 8 2 8 3 1 1 6 
9 5 6 9 9 2 6 9 

[P3] Il mio primo blocco A:
6 8 3 1 4 7 5 8 
9 4 7 8 5 2 6 6 
1 2 3 4 8 7 9 8 
6 2 8 8 1 4 2 7 
4 4 1 9 1 7 8 3 
6 4 2 4 5 4 2 8 
3 6 2 1 3 9 1 4 
4 3 5 8 6 4 4 4 
[P3] Il mio primo blocco B:
9 7 7 4 7 4 3 6 
9 1 8 9 8 4 6 2 
3 8 2 7 3 4 3 6 
1 7 9 8 8 5 7 9 
5 8 1 5 3 1 9 4 
1 4 5 9 9 3 6 2 
7 8 1 9 7 9 1 2 
3 2 6 2 4 2 1 8 

[P0] Il mio blocco risultato C:
326 544 302 457 409 423 542 433 
321 559 326 429 427 401 545 438 
243 398 320 343 330 345 425 381 
353 507 332 482 415 370 475 400 
325 477 311 425 388 369 438 407 
310 489 372 452 382 406 539 429 
341 465 313 392 405 382 440 396 
204 365 270 296 307 266 345 304 
[P1] Il mio blocco risultato C:
374 547 426 521 530 488 524 447 
382 517 453 488 497 488 498 448 
238 387 327 395 395 343 430 347 
319 418 425 461 472 425 455 419 
281 474 367 481 447 417 395 449 
333 510 385 486 531 477 557 416 
277 428 372 434 417 384 417 393 
237 346 311 344 361 394 342 302 
[P2] Il mio blocco risultato C:
373 514 413 497 482 418 571 537 
326 498 305 400 439 328 525 464 
342 489 307 444 395 343 463 425 
255 395 252 360 330 273 408 381 
270 464 352 434 341 332 436 360 
313 411 299 382 409 330 450 399 
299 346 272 363 384 332 449 423 
274 475 255 370 384 315 450 366 
[P3] Il mio blocco risultato C:
377 497 433 530 550 462 503 441 
373 512 437 455 495 446 445 468 
271 449 394 420 447 428 438 380 
247 400 338 390 402 314 336 385 
256 432 373 490 475 458 414 365 
305 417 357 406 440 363 407 408 
308 394 356 394 465 349 432 347 
256 425 434 371 419 403 430 401 
[TIMEMAX][P0] Tempo massimo impiegato: 7.796288e-05 s
