------------------------------------------------------
This job is allocated on 8 cpu(s)
Job is running on node(s): 
wn273.scope.unina.it
wn274.scope.unina.it
wn275.scope.unina.it
wn276.scope.unina.it
wn277.scope.unina.it
wn278.scope.unina.it
wn279.scope.unina.it
wn280.scope.unina.it
------------------------------------------------------
PBS: qsub is running on ui-studenti.scope.unina.it
PBS: originating queue is studenti
PBS: executing queue is studenti
PBS: working directory is /homes/DMA/PDC/2020/BSLRRT94K/es1
PBS: execution mode is PBS_BATCH
PBS: job identifier is 3958001.torque02.scope.unina.it
PBS: job name is somma
PBS: node file is /var/spool/pbs/aux//3958001.torque02.scope.unina.it
PBS: current home directory is /homes/DMA/PDC/2020/BSLRRT94K
PBS: PATH = /usr/lib64/openmpi/1.2.7-gcc/bin:/usr/kerberos/bin:/opt/exp_soft/unina.it/intel/composer_xe_2013_sp1.3.174/bin/intel64:/opt/exp_soft/unina.it/intel/composer_xe_2013_sp1.3.174/mpirt/bin/intel64:/opt/exp_soft/unina.it/intel/composer_xe_2013_sp1.3.174/bin/intel64:/opt/exp_soft/unina.it/intel/composer_xe_2013_sp1.3.174/bin/intel64_mic:/opt/exp_soft/unina.it/intel/composer_xe_2013_sp1.3.174/debugger/gui/intel64:/opt/d-cache/srm/bin:/opt/d-cache/dcap/bin:/opt/edg/bin:/opt/glite/bin:/opt/globus/bin:/opt/lcg/bin:/usr/local/bin:/bin:/usr/bin:/opt/exp_soft/HADOOP/hadoop-1.0.3/bin:/opt/exp_soft/unina.it/intel/composerxe/bin/intel64/:/opt/exp_soft/unina.it/MPJExpress/mpj-v0_38/bin:/homes/DMA/PDC/2020/BSLRRT94K/bin
------------------------------------------------------
Compilo:/usr/lib64/openmpi/1.4-gcc/bin/mpicc -o /homes/DMA/PDC/2020/BSLRRT94K/es1/somma /homes/DMA/PDC/2020/BSLRRT94K/es1/somma.c
Eseguo:/usr/lib64/openmpi/1.4-gcc/bin/-machinefile  E -np 8 /homes/DMA/PDC/2020/BSLRRT94K/es1/somma 3 2 -1 10 10 10 10 10
[ERROR E3] N non sufficientemente grande. Verranno considerati solo i primi 3 elementi.
[ERROR E6] Strategia 2 applicabile solo se N e' potenza di 2. Strategia di default: 1
[ERROR E7] Strategia 1 incompatibile con la stampa di tutti. Strategia imposta: 3
[P7] Somma: 30.000000, strategia: 3.
[P0] Somma: 30.000000, strategia: 3.
[TIME][P7] Tempo impiegato: 3.790855e-05.
[TIME][P0] Tempo impiegato: 2.503395e-05.
[P1] Somma: 30.000000, strategia: 3.
[P3] Somma: 30.000000, strategia: 3.
[P6] Somma: 30.000000, strategia: 3.
[P2] Somma: 30.000000, strategia: 3.
[P4] Somma: 30.000000, strategia: 3.
[P5] Somma: 30.000000, strategia: 3.
[TIME][P1] Tempo impiegato: 2.217293e-05.
[TIME][P3] Tempo impiegato: 2.598763e-05.
[TIME][P4] Tempo impiegato: 3.290176e-05.
[TIME][P5] Tempo impiegato: 2.598763e-05.
[TIMEMAX][P0] Tempo massimo impiegato: 4.220009e-05
[TIME][P6] Tempo impiegato: 4.220009e-05.
[TIME][P2] Tempo impiegato: 2.503395e-05.
