------------------------------------------------------
This job is allocated on 8 cpu(s)
Job is running on node(s): 
wn273.scope.unina.it
wn274.scope.unina.it
wn275.scope.unina.it
wn276.scope.unina.it
wn277.scope.unina.it
wn278.scope.unina.it
wn279.scope.unina.it
wn280.scope.unina.it
------------------------------------------------------
PBS: qsub is running on ui-studenti.scope.unina.it
PBS: originating queue is studenti
PBS: executing queue is studenti
PBS: working directory is /homes/DMA/PDC/2020/BSLRRT94K/es1
PBS: execution mode is PBS_BATCH
PBS: job identifier is 3958008.torque02.scope.unina.it
PBS: job name is somma
PBS: node file is /var/spool/pbs/aux//3958008.torque02.scope.unina.it
PBS: current home directory is /homes/DMA/PDC/2020/BSLRRT94K
PBS: PATH = /usr/lib64/openmpi/1.2.7-gcc/bin:/usr/kerberos/bin:/opt/exp_soft/unina.it/intel/composer_xe_2013_sp1.3.174/bin/intel64:/opt/exp_soft/unina.it/intel/composer_xe_2013_sp1.3.174/mpirt/bin/intel64:/opt/exp_soft/unina.it/intel/composer_xe_2013_sp1.3.174/bin/intel64:/opt/exp_soft/unina.it/intel/composer_xe_2013_sp1.3.174/bin/intel64_mic:/opt/exp_soft/unina.it/intel/composer_xe_2013_sp1.3.174/debugger/gui/intel64:/opt/d-cache/srm/bin:/opt/d-cache/dcap/bin:/opt/edg/bin:/opt/glite/bin:/opt/globus/bin:/opt/lcg/bin:/usr/local/bin:/bin:/usr/bin:/opt/exp_soft/HADOOP/hadoop-1.0.3/bin:/opt/exp_soft/unina.it/intel/composerxe/bin/intel64/:/opt/exp_soft/unina.it/MPJExpress/mpj-v0_38/bin:/homes/DMA/PDC/2020/BSLRRT94K/bin
------------------------------------------------------
Compilo:/usr/lib64/openmpi/1.4-gcc/bin/mpicc -o /homes/DMA/PDC/2020/BSLRRT94K/es1/somma /homes/DMA/PDC/2020/BSLRRT94K/es1/somma.c
Eseguo:/usr/lib64/openmpi/1.4-gcc/bin/-machinefile  E -np 8 /homes/DMA/PDC/2020/BSLRRT94K/es1/somma 4 4 -2
[ERROR E1] Addendi non sufficienti. Devono essere almeno 4. Verranno considerati solo quelli presenti.
[ERROR E2] Numero 0 di addendi non valido. Valore default: 21
[ERROR E4] ID_stamp -2 non valido, deve essere compreso tra [-1, 7]. Valore default: 0
[ERROR E5] Strategia 4 non valida, possibili solo: 1, 2 o 3. Valore default: 1
[P0] Somma: 1170.000000, strategia: 1.
[TIME][P0] Tempo impiegato: 6.723404e-05.
[TIMEMAX][P0] Tempo massimo impiegato: 6.723404e-05
[TIME][P7] Tempo impiegato: 2.098083e-05.
[TIME][P1] Tempo impiegato: 1.001358e-05.
[TIME][P6] Tempo impiegato: 1.096725e-05.
[TIME][P3] Tempo impiegato: 1.001358e-05.
[TIME][P2] Tempo impiegato: 8.821487e-06.
[TIME][P4] Tempo impiegato: 1.215935e-05.
[TIME][P5] Tempo impiegato: 1.096725e-05.
